<?xml version="1.0"?>
<testsuite name="Chrome 47.0.2526 (Mac OS X 10.9.3)" package="" timestamp="2016-01-06T11:25:45" id="0" hostname="localhost" tests="5401" errors="0" failures="0" time="55.526">
  <properties>
    <property name="browser.fullName" value="Mozilla/5.0 (Macintosh; Intel Mac OS X 10_9_3) AppleWebKit/537.36 (KHTML, like Gecko) Chrome/47.0.2526.106 Safari/537.36"/>
  </properties>
  <testcase name="should add the product preference" time="0.016" classname="Profiles and Settings Menu when the statementPreferences toggle is on"/>
  <testcase name="should only return the myprofile menu if statementPreferences is turned off" time="0.003" classname="Profiles and Settings Menu when the statementPreferences toggle is off"/>
  <testcase name="should add the product preference" time="0.002" classname="Profiles and Settings Menu securitySettings"/>
  <testcase name="should set the templateUrl based on the partial attribute" time="0.081" classname="accordion"/>
  <testcase name="should check if the current menu url is the same as the current location" time="0.04" classname="accordion"/>
  <testcase name="should change the arrow class when a menu item is clicked" time="0.033" classname="accordion"/>
  <testcase name="should set &quot;More Detail&quot; and &quot;Less Details&quot; when element is clicked" time="0.038" classname="accordion"/>
  <testcase name="should set isOpenTab to true when tab is open" time="0.048" classname="accordion"/>
  <testcase name="should open and close a tab when it is clicked" time="0.037" classname="accordion"/>
  <testcase name="should open a tab and close any other tab that was open" time="0.041" classname="accordion"/>
  <testcase name="should set the active tab to empty when there are no items" time="0.015" classname="accordion AccordionController"/>
  <testcase name="should set the active tab to selected tab if there items in the list" time="0.014" classname="accordion AccordionController"/>
  <testcase name="should set external binding if selected item is changed" time="0.026" classname="sbAccountDropdown model changed"/>
  <testcase name="should not be disabled when items are defined" time="0.016" classname="sbAccountDropdown disabled"/>
  <testcase name="should be disabled when items is undefined" time="0.012" classname="sbAccountDropdown disabled"/>
  <testcase name="should be disabled when no items are specified" time="0.012" classname="sbAccountDropdown disabled"/>
  <testcase name="should show balance by default" time="0.015" classname="sbAccountDropdown no-balance"/>
  <testcase name="should hide balance no-balance is true" time="0.016" classname="sbAccountDropdown no-balance"/>
  <testcase name="should list accounts as select options" time="0.052" classname="sbAccountDropdown"/>
  <testcase name="should select option if model already has a value" time="0.013" classname="sbAccountDropdown"/>
  <testcase name="should display available balance for the selected account" time="0.011" classname="sbAccountDropdown"/>
  <testcase name="should highlight the available balance as an error when appropriate" time="0.011" classname="sbAccountDropdown"/>
  <testcase name="should apply the autofocus attribute to the dropdown if desired" time="0.014" classname="sbAccountDropdown"/>
  <testcase name="should have a placeholder if specified" time="0.014" classname="sbAmount"/>
  <testcase name="should have a placeholder even if the specified placeholder is 0" time="0.009" classname="sbAmount"/>
  <testcase name="should default the placeholder to 0.00" time="0.008" classname="sbAmount"/>
  <testcase name="should copy attributes to input" time="0.008" classname="sbAmount"/>
  <testcase name="should not copy default attributes to input" time="0.009" classname="sbAmount"/>
  <testcase name="should add label" time="0.009" classname="sbAmount"/>
  <testcase name="should not add label" time="0.009" classname="sbAmount"/>
  <testcase name="should disable input" time="0.009" classname="sbAmount"/>
  <testcase name="should not disable input" time="0.011" classname="sbAmount"/>
  <testcase name="should invoke timeoutChange onChange" time="0.011" classname="sbAmount"/>
  <testcase name="should parse view as integer" time="0.006" classname="convertToInt"/>
  <testcase name="should parse view as integer" time="0.005" classname="convertToInt"/>
  <testcase name="should not parse invalid integer" time="0.004" classname="convertToInt"/>
  <testcase name="should have a global key when one is pushed" time="0.002" classname="parameters when a global parameter needs to be defined"/>
  <testcase name="should know how to get the second key when two variables have been pushed" time="0.002" classname="parameters when a global parameter needs to be defined"/>
  <testcase name="should know how to pop a variable off the parameters," time="0.002" classname="parameters when a global parameter needs to be defined"/>
  <testcase name="should know a variable can only be popped once" time="0.001" classname="parameters when a global parameter needs to be defined"/>
  <testcase name="should call window.history.back with default value 1 on click" time="0.003" classname="go-back directive"/>
  <testcase name="should call window.history.back with specified number of pages on click" time="0.003" classname="go-back directive"/>
  <testcase name="should call ng-click before navigating back" time="0.003" classname="go-back directive"/>
  <testcase name="should require an ng-model" time="0.02" classname="walkInBranches directive"/>
  <testcase name="should set placeholder on type ahead" time="0.012" classname="walkInBranches directive"/>
  <testcase name="should set type ahead items to list of branches from BankService" time="0.012" classname="walkInBranches directive when loading branches"/>
  <testcase name="should set selected item to customer&apos;s preferred branch if default-to-preferred-branch is true" time="0.013" classname="walkInBranches directive when loading branches"/>
  <testcase name="should not set selected item to customer&apos;s preferred branch if default-to-preferred-branch is false" time="0.01" classname="walkInBranches directive when loading branches"/>
  <testcase name="should not set selected item to customer&apos;s preferred branch if it isn&apos;t on the branch list" time="0.011" classname="walkInBranches directive when loading branches"/>
  <testcase name="should not set selected item to customer&apos;s preferred branch if it isn&apos;t defined" time="0.024" classname="walkInBranches directive when loading branches"/>
  <testcase name="should set defaultBranchSelected to true if preferred branch has been selected" time="0.011" classname="walkInBranches directive when loading branches"/>
  <testcase name="should set defaultBranchSelected to false if preferred branch has not been selected" time="0.009" classname="walkInBranches directive when loading branches"/>
  <testcase name="should change external scope value when type ahead selection changes" time="0.01" classname="walkInBranches directive model changes"/>
  <testcase name="should set external scope to code property when use-branchcode-value attribue is set to true" time="0.009" classname="walkInBranches directive model changes"/>
  <testcase name="should change type ahead selection value when external scope value changes" time="0.01" classname="walkInBranches directive model changes"/>
  <testcase name="should indicate input event is available" time="0.003" classname="Event fire on IE 10 standards compliant browsers"/>
  <testcase name="should indicate input event is NOT available" time="0.002" classname="Event fire on IE 10 IE10"/>
  <testcase name="should replace the custom tag" time="0.008" classname="Doughnut Chart Directive"/>
  <testcase name="should render a div" time="0.007" classname="Doughnut Chart Directive"/>
  <testcase name="should render a canvas" time="0.006" classname="Doughnut Chart Directive"/>
  <testcase name="should have isolated scope" time="0.008" classname="Doughnut Chart Directive"/>
  <testcase name="should set the data on the the directive&apos;s scope" time="0.008" classname="Doughnut Chart Directive with data, colours and options bound to it"/>
  <testcase name="should set the options on the the directive&apos;s scope" time="0.006" classname="Doughnut Chart Directive with data, colours and options bound to it"/>
  <testcase name="should set the colours on the the directive&apos;s scope" time="0.006" classname="Doughnut Chart Directive with data, colours and options bound to it"/>
  <testcase name="should re initialise the chart" time="0.006" classname="Doughnut Chart Directive when canvas is visible and of a valid size with changing data bound to it"/>
  <testcase name="should destroy the chart if a chart already exists" time="0.007" classname="Doughnut Chart Directive when canvas is visible and of a valid size with changing data bound to it"/>
  <testcase name="should redraw the chart" time="0.008" classname="Doughnut Chart Directive when canvas is visible and of a valid size when window is resized and chart is defined"/>
  <testcase name="should not try to redraw a chart" time="0.006" classname="Doughnut Chart Directive when canvas is visible and of a valid size when window is resized and chart is undefined"/>
  <testcase name="click should call the method passed" time="0.007" classname="Doughnut Chart Directive when canvas is visible and of a valid size segment click method when defined and chart returns a segment that was clicked on"/>
  <testcase name="click should not call the method passed" time="0.007" classname="Doughnut Chart Directive when canvas is visible and of a valid size segment click method when defined and chart returns no segments that was clicked on"/>
  <testcase name="click should any method" time="0.01" classname="Doughnut Chart Directive when canvas is visible and of a valid size segment click method when not defined"/>
  <testcase name="should not set the chart&apos;s customTooltips property to a boolean" time="0.009" classname="Doughnut Chart Directive when canvas is visible and of a valid size with custom tooltips set to true"/>
  <testcase name="should set custom tooltips to a function" time="0.008" classname="Doughnut Chart Directive when canvas is visible and of a valid size with custom tooltips set to true"/>
  <testcase name="should not create a chart" time="0.007" classname="Doughnut Chart Directive when canvas is not visible with changing data bound to it"/>
  <testcase name="should not create a chart" time="0.007" classname="Doughnut Chart Directive when canvas is not a valid size with changing data bound to it"/>
  <testcase name="should return the correct colours" time="0.005" classname="chart colours"/>
  <testcase name="should calculate the rgba colour string based on the red green and blue values provided" time="0.003" classname="chart colours colour method"/>
  <testcase name="should calculate the rgba colour string based on an ordered array of red, green and blue values provided" time="0.001" classname="chart colours colour method"/>
  <testcase name="should throw an error if exactly three values are not provided" time="0.002" classname="chart colours colour method invalid input"/>
  <testcase name="should throw an error if values provided are not numeric" time="0.002" classname="chart colours colour method invalid input"/>
  <testcase name="should throw an error if values provided are out of range" time="0.001" classname="chart colours colour method invalid input"/>
  <testcase name="should calculate the rgba colour string based on the red green and blue values provided" time="0.002" classname="chart colours highlight method"/>
  <testcase name="should calculate the rgba colour string based on an ordered array of red, green and blue values provided" time="0.001" classname="chart colours highlight method"/>
  <testcase name="should throw an error if exactly three values are not provided" time="0.002" classname="chart colours highlight method invalid input"/>
  <testcase name="should throw an error if values provided are not numeric" time="0.001" classname="chart colours highlight method invalid input"/>
  <testcase name="should throw an error if values provided are out of range" time="0.002" classname="chart colours highlight method invalid input"/>
  <testcase name="should return an object with colour value set to the result of the colour function and highlight value set to the result of the highlight function" time="0.002" classname="chart colours chart colour object method"/>
  <testcase name="should provide the global chart JS chart object" time="0.002" classname="Chart Service"/>
  <testcase name="should return an instance of a chart" time="0.018" classname="Chart Service create chart instance"/>
  <testcase name="return an object bound to the canvas passed to it" time="0.002" classname="Chart Service create chart instance"/>
  <testcase name="should merge properties in colour objects with properties in data objects" time="0.001" classname="Chart Service merge data and colours"/>
  <testcase name="should recycle colours when there are less colours than data items" time="0.001" classname="Chart Service merge data and colours"/>
  <testcase name="should ignore extra colours when there are more colours than data items" time="0.001" classname="Chart Service merge data and colours"/>
  <testcase name="should return the data when colours are not defined" time="0.001" classname="Chart Service merge data and colours"/>
  <testcase name="should return an empty array when data data not defined" time="0.005" classname="Chart Service merge data and colours"/>
  <testcase name="should set default properties on the client" time="0.002" classname="device dna"/>
  <testcase name="should set the device DNA on the cookie" time="0.003" classname="device dna"/>
  <testcase name="may have a start date" time="0.07" classname="Datepicker directive valid date range"/>
  <testcase name="may have an end date" time="0.067" classname="Datepicker directive valid date range"/>
  <testcase name="should not apply the invalid class to valid dates" time="0.055" classname="Datepicker directive valid date range view"/>
  <testcase name="should apply the invalid class to invalid dates" time="0.14" classname="Datepicker directive valid date range view"/>
  <testcase name="should not select invalid dates" time="0.146" classname="Datepicker directive valid date range view"/>
  <testcase name="should show the current month" time="0.101" classname="Datepicker directive valid date range view when latest date is in the same month"/>
  <testcase name="should show current month" time="0.135" classname="Datepicker directive valid date range view when latest date is invalid"/>
  <testcase name="should show the current month" time="0.105" classname="Datepicker directive valid date range view when latest date is later in the same year"/>
  <testcase name="should show the current year" time="0.105" classname="Datepicker directive valid date range view when latest date is some year in the future"/>
  <testcase name="should show the latest valid month" time="0.092" classname="Datepicker directive valid date range view when latest date is earlier in the same year"/>
  <testcase name="should show the latest valid year" time="0.097" classname="Datepicker directive valid date range view when latest date is some year in the past"/>
  <testcase name="should display 6 rows of dates" time="0.032" classname="Datepicker directive initialize"/>
  <testcase name="should set year to the current year" time="0.033" classname="Datepicker directive initialize"/>
  <testcase name="should set selectedMonth to the current" time="0.029" classname="Datepicker directive initialize"/>
  <testcase name="should populate dates with the dates of the selectedMonth" time="0.033" classname="Datepicker directive initialize"/>
  <testcase name="should populate days before the 1st of the selectedMonth with the dates of the previous month" time="0.029" classname="Datepicker directive initialize"/>
  <testcase name="should populate dates after the end of the selectedMonth with the dates of the next month" time="0.029" classname="Datepicker directive initialize"/>
  <testcase name="should set the date format" time="0.04" classname="Datepicker directive initialize"/>
  <testcase name="should increment the selected month" time="0.033" classname="Datepicker directive #nextMonth"/>
  <testcase name="should increment the selected year when the selected month is December" time="0.031" classname="Datepicker directive #nextMonth"/>
  <testcase name="should decrement the selectedMonth" time="0.031" classname="Datepicker directive #previousMonth"/>
  <testcase name="should decrement the selected year when the selected month is January" time="0.031" classname="Datepicker directive #previousMonth"/>
  <testcase name="should select year from dropdown" time="0.041" classname="Datepicker directive selectYear"/>
  <testcase name="should return the text value of the selected month" time="0.031" classname="Datepicker directive #month"/>
  <testcase name="should return the selected year" time="0.04" classname="Datepicker directive #year"/>
  <testcase name="should show the years to select from" time="0.044" classname="Datepicker directive available years"/>
  <testcase name="should add the year to select from on next year" time="0.051" classname="Datepicker directive available years"/>
  <testcase name="should add the year to select from on previous year" time="0.041" classname="Datepicker directive available years"/>
  <testcase name="should add the year to select from on next month" time="0.044" classname="Datepicker directive available years"/>
  <testcase name="should add the year to select from on previous month" time="0.04" classname="Datepicker directive available years"/>
  <testcase name="should return true if date is a Saturday" time="0.038" classname="Datepicker directive #isWeekend"/>
  <testcase name="should return true if date is a Sunday" time="0.029" classname="Datepicker directive #isWeekend"/>
  <testcase name="should return false if date is not a Saturday or Sunday" time="0.031" classname="Datepicker directive #isWeekend"/>
  <testcase name="should invalidate dates outside of the valid date range" time="0.032" classname="Datepicker directive #isValid"/>
  <testcase name="should validate dates inside of the valid date range" time="0.033" classname="Datepicker directive #isValid"/>
  <testcase name="should validate all dates when there is neither earliest or latest date" time="0.032" classname="Datepicker directive #isValid"/>
  <testcase name="should validate all dates after earliest date when there is only an earliest date" time="0.041" classname="Datepicker directive #isValid"/>
  <testcase name="should validate all dates before latest date when there is only an latest date" time="0.034" classname="Datepicker directive #isValid"/>
  <testcase name="should display the select month name" time="0.03" classname="Datepicker directive view"/>
  <testcase name="should display the selected year" time="0.03" classname="Datepicker directive view"/>
  <testcase name="should display the dates in the selected month" time="0.029" classname="Datepicker directive view"/>
  <testcase name="should display the dates in the previous month when next previous is clicked" time="0.062" classname="Datepicker directive view"/>
  <testcase name="should display the dates in the next month when next next is clicked" time="0.074" classname="Datepicker directive view"/>
  <testcase name="should select the date as the moment when a date is clicked" time="0.045" classname="Datepicker directive view"/>
  <testcase name="should select the date when a date is clicked" time="0.041" classname="Datepicker directive view"/>
  <testcase name="should select the date in a custom format when a date is clicked" time="0.037" classname="Datepicker directive view"/>
  <testcase name="should call onSelect function when a date is clicked" time="0.04" classname="Datepicker directive view"/>
  <testcase name="should update the input when a date is selected" time="0.045" classname="Datepicker directive view"/>
  <testcase name="should highlight the selected date" time="0.035" classname="Datepicker directive view"/>
  <testcase name="should apply weekend class to Saturdays" time="0.029" classname="Datepicker directive view"/>
  <testcase name="should apply weekend class to Sundays" time="0.03" classname="Datepicker directive view"/>
  <testcase name="should have disabled input" time="0.03" classname="Datepicker directive view"/>
  <testcase name="should not display the datepicker initially" time="0.035" classname="Datepicker directive view"/>
  <testcase name="should remove the click listener on destroy event" time="0.03" classname="Datepicker directive view"/>
  <testcase name="should mark days that are not in the month selected with the different-month class" time="0.029" classname="Datepicker directive view"/>
  <testcase name="should not mark invalid days that are not in the month selected with the different-month class" time="0.072" classname="Datepicker directive view"/>
  <testcase name="should not mark selected date with the different-month class" time="0.05" classname="Datepicker directive view"/>
  <testcase name="should not apply weekend class to days that are not Saturday or Sunday" time="0.03" classname="Datepicker directive view"/>
  <testcase name="should display the date on a different format than the model" time="0.043" classname="Datepicker directive viewDefaultDateFormat"/>
  <testcase name="should hide the date picker when clicking outside" time="0.714" classname="Datepicker directive click"/>
  <testcase name="should leave the date picker when clicking inside" time="0.346" classname="Datepicker directive click"/>
  <testcase name="should hide the date picker when pressing tab key on input field" time="0.036" classname="Datepicker directive press key"/>
  <testcase name="should leave the date picker when pressing other key on input field" time="0.353" classname="Datepicker directive press key"/>
  <testcase name="should increment the selected year" time="0.033" classname="Datepicker directive skipping year #nextYear"/>
  <testcase name="should decrement the selected year" time="0.029" classname="Datepicker directive skipping year #previousYear"/>
  <testcase name="should send error to error service" time="0.003" classname="ErrorLogger"/>
  <testcase name="should be present" time="0.017" classname="filterBox input field"/>
  <testcase name="should have placeholder" time="0.011" classname="filterBox input field"/>
  <testcase name="should be present" time="0.007" classname="filterBox search icon"/>
  <testcase name="should be present" time="0.007" classname="filterBox close icon"/>
  <testcase name="should be shown only when a query is specified" time="0.007" classname="filterBox close icon"/>
  <testcase name="should reset the filter query to an empty string when clicked" time="0.007" classname="filterBox close icon"/>
  <testcase name="should create new custom filter by description" time="0.001" classname="Unit Test - Customized filter create"/>
  <testcase name="should find exact result with query:2QVEWMVU9" time="0.008" classname="Unit Test - Customized filter create"/>
  <testcase name="should find exact result with query:150" time="0.002" classname="Unit Test - Customized filter create"/>
  <testcase name="should find exact result with query:R 40" time="0.002" classname="Unit Test - Customized filter create"/>
  <testcase name="should find exact result with query:16 Jun" time="0.003" classname="Unit Test - Customized filter create"/>
  <testcase name="should find exact result with query:Monthly" time="0.002" classname="Unit Test - Customized filter create"/>
  <testcase name="should find exact result with query:null" time="0.001" classname="Unit Test - Customized filter create"/>
  <testcase name="should find exact result with query:" time="0.001" classname="Unit Test - Customized filter create"/>
  <testcase name="should find exact result with query:333" time="0.003" classname="Unit Test - Customized filter create"/>
  <testcase name="should add a dash every 4 digits" time="0.003" classname="filters voucherNumber"/>
  <testcase name="should capitalize first letter of every word when input is all lowercase (except special cases)" time="0.002" classname="filters capitalize"/>
  <testcase name="should lower other letters of every word when input is all uppercase" time="0.002" classname="filters capitalize"/>
  <testcase name="should return empty string when input is undefined" time="0.001" classname="filters capitalize"/>
  <testcase name="should change only the first letter of each word if to caps and leave all other characters in word alone." time="0.002" classname="filters capitalize with change only first char"/>
  <testcase name="should capitalize first letter of every word when input is all lowercase (except special cases)" time="0.002" classname="filters capitalizeCountry"/>
  <testcase name="should format from extended format" time="0.001" classname="filters dateFormat"/>
  <testcase name="should format from short format" time="0.001" classname="filters dateFormat"/>
  <testcase name="should format from short format with time" time="0.001" classname="filters dateFormat"/>
  <testcase name="should format from ISO" time="0.001" classname="filters dateFormat"/>
  <testcase name="should return empty if value is undefined" time="0.001" classname="filters dateFormat"/>
  <testcase name="should return empty if value is null" time="0.001" classname="filters dateFormat"/>
  <testcase name="should return empty if value is empty" time="0.001" classname="filters dateFormat"/>
  <testcase name="should return empty if value is a space" time="0.001" classname="filters dateFormat"/>
  <testcase name="should return empty if format is invalid" time="0.001" classname="filters dateFormat"/>
  <testcase name="should format from extended format" time="0.002" classname="filters monthYearDateFormat"/>
  <testcase name="should format from short format" time="0.002" classname="filters monthYearDateFormat"/>
  <testcase name="should format from short format with time" time="0.002" classname="filters monthYearDateFormat"/>
  <testcase name="should format from ISO" time="0.002" classname="filters monthYearDateFormat"/>
  <testcase name="should return empty if value is undefined" time="0.002" classname="filters monthYearDateFormat"/>
  <testcase name="should return empty if value is null" time="0.002" classname="filters monthYearDateFormat"/>
  <testcase name="should return empty if value is empty" time="0.001" classname="filters monthYearDateFormat"/>
  <testcase name="should return empty if value is a space" time="0.001" classname="filters monthYearDateFormat"/>
  <testcase name="should return empty if format is invalid" time="0.001" classname="filters monthYearDateFormat"/>
  <testcase name="should format from short format with time" time="0.002" classname="filters timeFormat"/>
  <testcase name="should format from ISO" time="0.001" classname="filters timeFormat"/>
  <testcase name="should return empty if value is undefined" time="0.002" classname="filters timeFormat"/>
  <testcase name="should return empty if value is null" time="0.001" classname="filters timeFormat"/>
  <testcase name="should return empty if value is empty" time="0.001" classname="filters timeFormat"/>
  <testcase name="should return empty if value is a space" time="0.001" classname="filters timeFormat"/>
  <testcase name="should return empty if format is invalid" time="0.001" classname="filters timeFormat"/>
  <testcase name="should format from short format with time" time="0.001" classname="filters dateTimeFormat"/>
  <testcase name="should format from ISO" time="0.011" classname="filters dateTimeFormat"/>
  <testcase name="should return empty if value is undefined" time="0.001" classname="filters dateTimeFormat"/>
  <testcase name="should return empty if value is null" time="0.001" classname="filters dateTimeFormat"/>
  <testcase name="should return empty if value is empty" time="0.001" classname="filters dateTimeFormat"/>
  <testcase name="should return empty if value is a space" time="0.001" classname="filters dateTimeFormat"/>
  <testcase name="should return empty if format is invalid" time="0.001" classname="filters dateTimeFormat"/>
  <testcase name="should join all lines with commas" time="0.002" classname="filters addressLines"/>
  <testcase name="should ignore empty string and undefined" time="0.002" classname="filters addressLines"/>
  <testcase name="should return empty if address is undefined" time="0.001" classname="filters addressLines"/>
  <testcase name="should include years and months when both present" time="0.001" classname="filters yearMonth"/>
  <testcase name="should include only years when months is zero" time="0.001" classname="filters yearMonth"/>
  <testcase name="should include only months when years is zero" time="0.001" classname="filters yearMonth"/>
  <testcase name="should not pluralize 1 year" time="0.001" classname="filters yearMonth"/>
  <testcase name="should not pluralize 1 month" time="0.001" classname="filters yearMonth"/>
  <testcase name="should return empty string when input is undefined" time="0.001" classname="filters randAmountFilter"/>
  <testcase name="should return formatted zero if the input is zero" time="0.001" classname="filters randAmountFilter"/>
  <testcase name="should return formatted amount if the input is non zero" time="0.001" classname="filters randAmountFilter"/>
  <testcase name="should return formatted negative amounts" time="0.005" classname="filters randAmountFilter"/>
  <testcase name="should separate with space when number is greater than 1000" time="0.001" classname="filters randAmountFilter"/>
  <testcase name="should return empty string when input is undefined" time="0.002" classname="filters randAmountNoCentsFilter"/>
  <testcase name="should return formatted zero if the input is zero" time="0.002" classname="filters randAmountNoCentsFilter"/>
  <testcase name="should return formatted amount if the input is non zero" time="0.001" classname="filters randAmountNoCentsFilter"/>
  <testcase name="should return formatted negative amounts" time="0.002" classname="filters randAmountNoCentsFilter"/>
  <testcase name="should separate with space when number is greater than 1000" time="0.002" classname="filters randAmountNoCentsFilter"/>
  <testcase name="should return empty string when input is undefined" time="0.002" classname="filters absoluteRandAmount"/>
  <testcase name="should return formatted zero if the input is zero" time="0.001" classname="filters absoluteRandAmount"/>
  <testcase name="should return formatted amount if the input is non zero" time="0.001" classname="filters absoluteRandAmount"/>
  <testcase name="should return formatted absolute amounts" time="0.001" classname="filters absoluteRandAmount"/>
  <testcase name="should separate with space when number is greater than 1000 or less than -1000" time="0.002" classname="filters absoluteRandAmount"/>
  <testcase name="should return undefined when input is undefined" time="0.001" classname="filters monthNameFilter"/>
  <testcase name="should return original input when input is out of range" time="0.001" classname="filters monthNameFilter"/>
  <testcase name="should return the name of the month of the month number that was passed" time="0.001" classname="filters monthNameFilter"/>
  <testcase name="should return the name of the month of the date that was passed" time="0.002" classname="filters monthNameFilter"/>
  <testcase name="should return empty string when input is undefined" time="0.005" classname="filters amountFilter"/>
  <testcase name="should return formatted zero if the input is zero" time="0.002" classname="filters amountFilter"/>
  <testcase name="should return formatted amount if the input is non zero" time="0.001" classname="filters amountFilter"/>
  <testcase name="should return formatted negative amounts" time="0.002" classname="filters amountFilter"/>
  <testcase name="should separate with space when number is greater than 1000" time="0.001" classname="filters amountFilter"/>
  <testcase name="should remove leading zero" time="0.002" classname="filters cellPhoneNumberFilter"/>
  <testcase name="should not remove zero when it is not a leading number" time="0.001" classname="filters cellPhoneNumberFilter"/>
  <testcase name="should remove leading zeros" time="0.001" classname="filters cellPhoneNumberFilter"/>
  <testcase name="should return undefined when value is undefined" time="0.001" classname="filters cellPhoneNumberFilter"/>
  <testcase name="should return empty string when input is undefined" time="0.002" classname="filters nonNegativeRandAmount"/>
  <testcase name="should return formatted zero if the input is zero" time="0.001" classname="filters nonNegativeRandAmount"/>
  <testcase name="should return formatted amount if the input is non zero" time="0.001" classname="filters nonNegativeRandAmount"/>
  <testcase name="should return formatted negative amounts" time="0.001" classname="filters nonNegativeRandAmount"/>
  <testcase name="should separate with space when number is greater than 1000" time="0.001" classname="filters nonNegativeRandAmount"/>
  <testcase name="should return empty string if account is undefined" time="0.002" classname="filters accountLabel"/>
  <testcase name="should return account name and formatted number if account name exists" time="0.001" classname="filters accountLabel"/>
  <testcase name="should return just formatted number if no account name exists" time="0.001" classname="filters accountLabel"/>
  <testcase name="should return empty string if input is undefined" time="0.002" classname="filters condenseSpaces"/>
  <testcase name="should replace all instances of multiple spaces with single space" time="0.002" classname="filters condenseSpaces"/>
  <testcase name="should append empty string " time="0.001" classname="filters dayNumberSuffix"/>
  <testcase name="should append st " time="0.002" classname="filters dayNumberSuffix"/>
  <testcase name="should append nd " time="0.001" classname="filters dayNumberSuffix"/>
  <testcase name="should append rd" time="0.001" classname="filters dayNumberSuffix"/>
  <testcase name="should append th" time="0.001" classname="filters dayNumberSuffix"/>
  <testcase name="should remove CURRENT ACCOUNT from ELITE PLUS CURRENT ACCOUNT" time="0.001" classname="filters currentAccountProductName"/>
  <testcase name="should  remove PLUS CURRENT ACCOUNT from PRIVATE BANKING PLUS CURRENT ACCOUNT" time="0.002" classname="filters currentAccountProductName"/>
  <testcase name="should  remove  CURRENT ACCOUNT from ELITE CURRENT ACCOUNT" time="0.001" classname="filters currentAccountProductName"/>
  <testcase name="Should format 1023 to 1023.0 Bytes" time="0.001" classname="filters bytes"/>
  <testcase name="Should format 1025 to 1.0 KB" time="0.001" classname="filters bytes"/>
  <testcase name="Should format 1024*1024 to 1.0 MB" time="0.001" classname="filters bytes"/>
  <testcase name="Should format 1024*1024*1024 to 1.0 GB" time="0.001" classname="filters bytes"/>
  <testcase name="Should format 1024*1024*1024*1024 to 1.0 TB" time="0.001" classname="filters bytes"/>
  <testcase name="Should format 1024*1024*1024*1024*1024 to 1.0 PB" time="0.001" classname="filters bytes"/>
  <testcase name="Should format invalid number to dash" time="0.005" classname="filters bytes"/>
  <testcase name="Should format negative number to dash" time="0.002" classname="filters bytes"/>
  <testcase name="Should format infinite number to dash" time="0.001" classname="filters bytes"/>
  <testcase name="Should format 0 to 0 Bytes" time="0.001" classname="filters bytes"/>
  <testcase name="Should format 1036 to 1.01 KB" time="0.001" classname="filters bytes"/>
  <testcase name="should format natural numbers to not have decimals" time="0.001" classname="filters formatProductInterestRate greater than or equal to 10"/>
  <testcase name="should format decimal numbers to have 2 decimal points" time="0.001" classname="filters formatProductInterestRate greater than or equal to 10"/>
  <testcase name="should format number to have 2 decimal points" time="0.001" classname="filters formatProductInterestRate less than 10"/>
  <testcase name="should return undefined if lookup values is undefined" time="0.004" classname="mapFilter"/>
  <testcase name="should return mapped value" time="0.002" classname="mapFilter with lookup values"/>
  <testcase name="should return undefined if value is not mapped" time="0.003" classname="mapFilter with lookup values"/>
  <testcase name="should return undefined if value is undefined" time="0.002" classname="mapFilter with lookup values"/>
  <testcase name="should switch base/main/features/security/fixtures/cardNumberResponse.json to base/main/features/security/fixtures/cardNumberAndPersonIdResponse.json if personal finance management feature is toggled on" time="0.001" classname="Fixture"/>
  <testcase name="should not switch base/main/features/security/fixtures/cardNumberResponse.json if personal finance management feature is toggled off" time="0.015" classname="Fixture"/>
  <testcase name="should make a get call to load the fixture" time="0.002" classname="Fixture"/>
  <testcase name="should display the flow steps when a flow is active" time="0.018" classname="Flow directive initialization"/>
  <testcase name="display nothing when no flow is active" time="0.007" classname="Flow directive initialization"/>
  <testcase name="should get header name" time="0.003" classname="Flow headerName"/>
  <testcase name="should not have data when given empty steps" time="0.002" classname="Flow create"/>
  <testcase name="should have data when given steps with data" time="0.003" classname="Flow create"/>
  <testcase name="should complete the earliest step that is not completed" time="0.002" classname="Flow next"/>
  <testcase name="should know when there are no current steps in the next flow" time="0.002" classname="Flow next"/>
  <testcase name="should keep the last step current when it is completed" time="0.002" classname="Flow next"/>
  <testcase name="should destroy flow when destroy function is called" time="0.002" classname="Flow destroy"/>
  <testcase name="should modify flow - the current step" time="0.003" classname="Flow modify"/>
  <testcase name="should modify flow - not current step" time="0.002" classname="Flow modify"/>
  <testcase name="should modify flow - the last step" time="0.006" classname="Flow modify"/>
  <testcase name="should not modify flow - step does not exist" time="0.004" classname="Flow modify"/>
  <testcase name="should complete the earliest step that is not completed" time="0.004" classname="Flow previous"/>
  <testcase name="should not complete the step that is not completed" time="0.002" classname="Flow previous"/>
  <testcase name="should return an empty list when there are no steps" time="0.002" classname="Flow previous"/>
  <testcase name="should return the current step" time="0.002" classname="Flow currentStep"/>
  <testcase name="should navigate to the default page if no page is specified" time="0.002" classname="Flow cancel When the referer parameter is not in the url"/>
  <testcase name="should navigate to the specified page" time="0.002" classname="Flow cancel When the referer parameter is not in the url"/>
  <testcase name="should navigate to login page when not authenticated" time="0.002" classname="Flow cancel When the referer parameter is not in the url"/>
  <testcase name="it should navigate to the referer" time="0.001" classname="Flow cancel When the referer parameter is in the url"/>
  <testcase name="should be able to set cancelable" time="0.002" classname="Flow cancel"/>
  <testcase name="should return an empty object when initializing" time="0.002" classname="ViewModel"/>
  <testcase name="should return the model that has been set previously" time="0.001" classname="ViewModel"/>
  <testcase name="should return object when initializing after an error has happened" time="0.006" classname="ViewModel"/>
  <testcase name="should know if it is in an initial state" time="0.002" classname="ViewModel"/>
  <testcase name="should mark view model for modification" time="0.002" classname="ViewModel"/>
  <testcase name="should forget about the past when initializing" time="0.001" classname="ViewModel"/>
  <testcase name="should clear error when explicitly modifying" time="0.002" classname="ViewModel"/>
  <testcase name="preferredName function should return the name from the digital id if authenticated" time="0.006" classname="header controller"/>
  <testcase name="preferredName function should return an empty string if not authenticated" time="0.004" classname="header controller"/>
  <testcase name="shouldDisplayProfileDropdown should return true if authenticated" time="0.003" classname="header controller"/>
  <testcase name="should set hasCard to false if there is no card" time="0.003" classname="header controller"/>
  <testcase name="should set hasCard to false if there is no card" time="0.003" classname="header controller"/>
  <testcase name="should detect a mac user" time="0.003" classname="header controller detect supported platform"/>
  <testcase name="should detect a windows user" time="0.003" classname="header controller detect supported platform"/>
  <testcase name="should detect a non-windows/non-mac user" time="0.003" classname="header controller detect supported platform"/>
  <testcase name="should return the dashboard name when you have a card selected" time="0.004" classname="header controller dashboards"/>
  <testcase name="should not return the dashboard name when there is no card selected" time="0.003" classname="header controller dashboards"/>
  <testcase name="should not return undefined when there is no card selected" time="0.003" classname="header controller dashboards"/>
  <testcase name="should have multiple dashboards when there is a card selected" time="0.002" classname="header controller dashboards"/>
  <testcase name="should not have multiple dashboards when there is no card selected" time="0.003" classname="header controller dashboards"/>
  <testcase name="should not have multiple dashboards when there is only one dashboard" time="0.018" classname="header controller dashboards"/>
  <testcase name="should use the current URL to create download URLs with really complex URL" time="0.003" classname="Base Url Helper"/>
  <testcase name="should use the current URL to create download URLs with simple url" time="0.002" classname="Base Url Helper"/>
  <testcase name="should use the current URL to create download URLs with simple example with main" time="0.001" classname="Base Url Helper"/>
  <testcase name="should know if a date is in the future : {&quot;timestamp&quot;:&quot;2014-05-29T21:59:00.000Z&quot;,&quot;paymentDate&quot;:&quot;30 May 2014&quot;,&quot;isFutureDatedPayment&quot;:true}" time="0.002" classname="date helper"/>
  <testcase name="should know if a date is in the future : {&quot;timestamp&quot;:&quot;2014-05-29T22:00:00.000Z&quot;,&quot;paymentDate&quot;:&quot;30 May 2014&quot;,&quot;isFutureDatedPayment&quot;:false}" time="0.001" classname="date helper"/>
  <testcase name="should know if a date is in the future : {&quot;timestamp&quot;:&quot;2014-05-30T21:59:00.000Z&quot;,&quot;paymentDate&quot;:&quot;30 May 2014&quot;,&quot;isFutureDatedPayment&quot;:false}" time="0.001" classname="date helper"/>
  <testcase name="should know if a date is in the future : {&quot;timestamp&quot;:&quot;2014-12-31T21:59:00.000Z&quot;,&quot;paymentDate&quot;:&quot;01 Jan 2015&quot;,&quot;isFutureDatedPayment&quot;:true}" time="0.001" classname="date helper"/>
  <testcase name="should return false when element passed is not visible" time="0.003" classname="element helper is visible"/>
  <testcase name="should return true when element passed is not visible" time="0.002" classname="element helper is visible"/>
  <testcase name="should return the width of the element in pixels" time="0.002" classname="element helper get width"/>
  <testcase name="should return the height of the element in pixels" time="0.002" classname="element helper get height"/>
  <testcase name="should have actionUrl" time="0.02" classname="Unit Test - Hidden Form Button initialise with non-empty url"/>
  <testcase name="should have default method GET" time="0.012" classname="Unit Test - Hidden Form Button initialise with non-empty url"/>
  <testcase name="should have default target to _blank" time="0.01" classname="Unit Test - Hidden Form Button initialise with non-empty url"/>
  <testcase name="should have hidden inputs" time="0.009" classname="Unit Test - Hidden Form Button initialise with non-empty url"/>
  <testcase name="should have submit button with transclude" time="0.009" classname="Unit Test - Hidden Form Button initialise with non-empty url"/>
  <testcase name="should give &quot;#&quot; when url is undefined" time="0.009" classname="Unit Test - Hidden Form Button initialise with empty url"/>
  <testcase name="should give &quot;#&quot; when url is empty" time="0.007" classname="Unit Test - Hidden Form Button initialise with empty url"/>
  <testcase name="should call goHome when button is clicked" time="0.005" classname="go-home directive"/>
  <testcase name="should trigger $digest when button is clicked" time="0.003" classname="go-home directive"/>
  <testcase name="should go to /overview when overview feature is enabled" time="0.004" classname="HomeService"/>
  <testcase name="should go to /account-summary when existing customer with current dashboard" time="0.002" classname="HomeService overview feature not enabled"/>
  <testcase name="should go to /new-registered when new to bank customer" time="0.003" classname="HomeService overview feature not enabled"/>
  <testcase name="should display a delete icon" time="0.014" classname="Inline Action directive"/>
  <testcase name="should have danger-confirm class for Confirm button" time="0.015" classname="Inline Action directive"/>
  <testcase name="should have danger class for action item div" time="0.012" classname="Inline Action directive"/>
  <testcase name="should capitalize a title" time="0.013" classname="Inline Action directive"/>
  <testcase name="should clear the actionState when show state is false" time="0.009" classname="Inline Action directive"/>
  <testcase name="should display the delete message when clicking on the delete icon" time="0.01" classname="Inline Action directive clicking on delete icon"/>
  <testcase name="should display the delete icon again when clicking on cancel button" time="0.01" classname="Inline Action directive clicking on delete icon"/>
  <testcase name="should call the deleteFn when clicking on the confirm button" time="0.01" classname="Inline Action directive clicking on delete icon"/>
  <testcase name="should return success when the delete promise resolves" time="0.002" classname="Delete Controller when calling delete"/>
  <testcase name="should return error when the delete promise rejected" time="0.002" classname="Delete Controller when calling delete"/>
  <testcase name="should have country code span" time="0.042" classname="international phone number directive create simple contents"/>
  <testcase name="should have an input for cell phone number" time="0.022" classname="international phone number directive create simple contents"/>
  <testcase name="should have a div with the country type ahead" time="0.02" classname="international phone number directive create simple contents"/>
  <testcase name="should have country code objects with label function" time="0.022" classname="international phone number directive create countries values"/>
  <testcase name="should have value when only the dialling code dropdown is defined" time="0.032" classname="international phone number directive create changing the phone number"/>
  <testcase name="should have undefined country code and dialing when country is undefined" time="0.036" classname="international phone number directive create changing the phone number"/>
  <testcase name="should only have a value when the dialling code dropdown and the phone number input are defined" time="0.036" classname="international phone number directive create changing the phone number"/>
  <testcase name="should not use a leading zero in the phone number for non-SA" time="0.047" classname="international phone number directive create changing the phone number"/>
  <testcase name="should return contact details for non-sa and uk" time="0.042" classname="international phone number directive create changing the phone number"/>
  <testcase name="should keep the leading 0 for SA" time="0.042" classname="international phone number directive create changing the phone number"/>
  <testcase name="should warn when phone number starts with dialling code" time="0.039" classname="international phone number directive create changing the phone number"/>
  <testcase name="should display max length error when total length is longer than 15" time="0.042" classname="international phone number directive create changing the phone number"/>
  <testcase name="should display min length error when total length is shorter than 3" time="0.051" classname="international phone number directive create changing the phone number"/>
  <testcase name="should have south africa selected" time="0.027" classname="international phone number directive create default to south africa"/>
  <testcase name="should not display type ahead when value is selected" time="0.032" classname="international phone number directive create when type ahead is changed"/>
  <testcase name="should still display type ahead when value is cleared" time="0.028" classname="international phone number directive create when type ahead is changed"/>
  <testcase name="should not clear country code when type ahead is cleared" time="0.033" classname="international phone number directive create when type ahead is changed"/>
  <testcase name="should display max length error when total length is longer than 17" time="0.026" classname="international phone number directive create when type ahead is changed non-SA"/>
  <testcase name="should display min length error when total length is shorter than 3" time="0.027" classname="international phone number directive create when type ahead is changed non-SA"/>
  <testcase name="should display exact length error when phone number is not started with 0, and not exactly 9 numbers" time="0.026" classname="international phone number directive create when type ahead is changed SA"/>
  <testcase name="should display exact length error when phone number is started with 0, and not exactly 10 numbers" time="0.027" classname="international phone number directive create when type ahead is changed SA"/>
  <testcase name="should have down arrow when type ahead is hidden" time="0.026" classname="international phone number directive create up and down arrows on clickable span"/>
  <testcase name="should have up arrow when type ahead is displayed" time="0.023" classname="international phone number directive create up and down arrows on clickable span"/>
  <testcase name="should show warning message" time="0.027" classname="international phone number directive create warning message"/>
  <testcase name="should hide warning message" time="0.024" classname="international phone number directive create warning message"/>
  <testcase name="should hide type ahead when span is clicked" time="0.026" classname="international phone number directive create showing and hiding the type ahead"/>
  <testcase name="should be 15 when dialling code is 2 digital number" time="0.024" classname="international phone number directive create max phone number length"/>
  <testcase name="should be 17 when no country was selected" time="0.022" classname="international phone number directive create max phone number length"/>
  <testcase name="should be 2 when dialling code is 1 digital number" time="0.022" classname="international phone number directive create min phone number length"/>
  <testcase name="should be 3 when no country was selected" time="0.023" classname="international phone number directive create min phone number length"/>
  <testcase name="should change country" time="0.035" classname="international phone number directive modify on initializing contact details"/>
  <testcase name=", it should be named &apos;LithiumAuthenticationFlow&apos;" time="0.011" classname="Unit Test - LithiumAuthenticationFlow Given it has been instantiated"/>
  <testcase name=", it should call LithiumHelper.redirectToLithium() with the redirect url" time="0.006" classname="Unit Test - LithiumAuthenticationFlow Given it has been instantiated Given Standard bank authentication is successful  and the redirect url has been set , when lithium authentication is successful"/>
  <testcase name=", it should execute the failure function once" time="0.004" classname="Unit Test - LithiumAuthenticationFlow Given it has been instantiated Given a failure function is defined Given Standard Bank authentication is unsuccessful"/>
  <testcase name=", it should call the AuthenticationService.login(Jack, TheGiantSlayer) " time="0.004" classname="Unit Test - LithiumAuthenticationFlow Given it has been instantiated When LithiumAuthenticationFlow_start(Jack, TheGiantSlayer)"/>
  <testcase name=", it should call the RegistrationService.createDigitalID() with a username, password and preferred name." time="0.005" classname="Unit Test - Lithium Registration Flow Spec When LithiumRegistrationFlow_start() is called with a context"/>
  <testcase name=", it should call LithiumService.authenticate" time="0.003" classname="Unit Test - Lithium Registration Flow Spec When LithiumRegistrationFlow_start() is called with a context , the digital id registration is successful"/>
  <testcase name=", it should call LithiumHelper.redirectToLithium() with the redirect url" time="0.004" classname="Unit Test - Lithium Registration Flow Spec When LithiumRegistrationFlow_start() is called with a context , the digital id registration is successful , the redirect url has been set  and lithium authentication is successful"/>
  <testcase name=" it should throw an E" time="0.003" classname="Unit Test - Lithium Registration Flow Spec When LithiumRegistrationFlow_start() is called with a context , the digital id registration is successful , the redirect url has been set  and lithium authentication is unsuccessful"/>
  <testcase name=", it should redirect to the first page in the wizard" time="0.008" classname="Unit Test - Lithium Registration Flow Spec When LithiumRegistrationFlow_start() is called with a context , the digital id registration is unsuccessful"/>
  <testcase name=", it should return true" time="0.002" classname="Unit - LithiumHelper Given the valid Lithium url: http://community_stage_standardbank_co_za/t5/Ideas/idb-p/Stories/monkey/car When LithiumHelper_isFromLithium(http://community_stage_standardbank_co_za/t5/Ideas/idb-p/Stories/monkey/car)"/>
  <testcase name=", it should return true" time="0.002" classname="Unit - LithiumHelper Given the valid Lithium url: http://community_stage_standardbank_co_za/t5/Mobile-Apps/ct-p/Mobile When LithiumHelper_isFromLithium(http://community_stage_standardbank_co_za/t5/Mobile-Apps/ct-p/Mobile)"/>
  <testcase name=", it should return true" time="0.001" classname="Unit - LithiumHelper Given the valid Lithium url: https://community_stage_standardbank_co_za/ When LithiumHelper_isFromLithium(https://community_stage_standardbank_co_za/)"/>
  <testcase name=", it should return false" time="0.002" classname="Unit - LithiumHelper Given the invalid Lithium url: &apos;&apos; When LithiumHelper_isFromLithium(&apos;&apos;)"/>
  <testcase name=", it should return false" time="0.001" classname="Unit - LithiumHelper Given the invalid Lithium url: &apos;www_google_com&apos; When LithiumHelper_isFromLithium(&apos;www_google_com&apos;)"/>
  <testcase name=", it should append the referer url as a parameter at the end of the ssoUrl" time="0.002" classname="Unit - LithiumHelper Given the redirect url has been set , when redirectToLithium() is called with a url"/>
  <testcase name=", it should call QueryStringUtility.getParameter(&apos;referer&apos;)" time="0.007" classname="Unit - LithiumHelper Given the redirect url has been set , when redirectToLithium() is called with a url"/>
  <testcase name="it should call the ServiceEndpoint.lithiumAuthenticate.makeRequest()" time="0.003" classname="Unit Test - LithiumService When authenticate() is called"/>
  <testcase name="it should return a promise with a then clause that contains the token" time="0.002" classname="Unit Test - LithiumService When authenticate() is called Given lithium authentication was successful "/>
  <testcase name="should redirect to login" time="0.392" classname="Main Routes when a route is not found"/>
  <testcase name="should redirect to overview page" time="0.349" classname="Main Routes home route when overview feature enabled"/>
  <testcase name="should redirect to account summary page" time="0.349" classname="Main Routes home route when overview feature disnabled"/>
  <testcase name="should set the is mobile device indicator when on mobile" time="0.347" classname="Main when running the module"/>
  <testcase name="should set the is mobile device indicator when not on mobile" time="0.344" classname="Main when running the module"/>
  <testcase name="should hit endpoint Meniga/User.svc/GetUserCategories" time="0.006" classname="Meniga User Categories Service getUserCategories"/>
  <testcase name="should return the payload that the gateway has responded with" time="0.007" classname="Meniga User Categories Service getUserCategories successful response from gateway"/>
  <testcase name="should load data from the cache if we have it" time="0.004" classname="Meniga User Categories Service getUserCategories successful response from gateway caching of user categories"/>
  <testcase name="should load data from the meniga proxy if we have cleared the cache" time="0.004" classname="Meniga User Categories Service getUserCategories successful response from gateway caching of user categories"/>
  <testcase name="should not return a generic error upon 204 response with 999 header" time="0.004" classname="Meniga User Categories Service getUserCategories unsuccessful response from gateway"/>
  <testcase name="should return a generic rejection upon server failure" time="0.003" classname="Meniga User Categories Service getUserCategories unsuccessful response from gateway"/>
  <testcase name="should return the server error message when response is 200 but the SBG response type header is ERROR and the SBG response code header is not 9999" time="0.003" classname="Meniga User Categories Service getUserCategories unsuccessful response from gateway"/>
  <testcase name="should populate the cache with the companies listed in the CDI" time="0.004" classname="CDI service list companies in directory"/>
  <testcase name="should load list of CDIs from the cache if we have it" time="0.004" classname="CDI service list companies in directory"/>
  <testcase name="should load the data from the service if a second call lands before the first has the data" time="0.003" classname="CDI service list companies in directory"/>
  <testcase name="should not allow duplicate names" time="0.002" classname="CDI service list companies in directory"/>
  <testcase name="should return true as Yes and false as No" time="0.003" classname="LookUps boolean"/>
  <testcase name="should have undefined values if promise is not resolved" time="0.003" classname="LookUps branch"/>
  <testcase name="should have mapped values if promise is resolved" time="0.003" classname="LookUps branch"/>
  <testcase name="should resolve promise with the mapped values" time="0.003" classname="LookUps branch"/>
  <testcase name="should cache the service call" time="0.003" classname="LookUps branch"/>
  <testcase name="should return english and afrikaans" time="0.002" classname="LookUps language"/>
  <testcase name="should return SA ID and passport" time="0.002" classname="LookUps idType"/>
  <testcase name="should return RCP and Current" time="0.003" classname="LookUps productCategories"/>
  <testcase name="should have undefined values if promise is not resolved" time="0.002" classname="LookUps country"/>
  <testcase name="should have mapped values if promise is resolved" time="0.003" classname="LookUps country"/>
  <testcase name="should resolve promise with the mapped values" time="0.002" classname="LookUps country"/>
  <testcase name="should cache the service call" time="0.003" classname="LookUps country"/>
  <testcase name="should have undefined values if promise is not resolved" time="0.002" classname="LookUps dialling codes"/>
  <testcase name="should have mapped values if promise is resolved" time="0.003" classname="LookUps dialling codes"/>
  <testcase name="should resolve promise with the mapped values" time="0.002" classname="LookUps dialling codes"/>
  <testcase name="should cache the service call" time="0.007" classname="LookUps dialling codes"/>
  <testcase name="should have undefined values if promise is not resolved" time="0.003" classname="LookUps employmentType"/>
  <testcase name="should have mapped values if promise is resolved" time="0.003" classname="LookUps employmentType"/>
  <testcase name="should resolve promise with the mapped values" time="0.003" classname="LookUps employmentType"/>
  <testcase name="should cache the service call" time="0.003" classname="LookUps employmentType"/>
  <testcase name="should have undefined values if promise is not resolved" time="0.002" classname="LookUps expenseType"/>
  <testcase name="should have mapped values if promise is resolved" time="0.003" classname="LookUps expenseType"/>
  <testcase name="should resolve promise with the mapped values" time="0.003" classname="LookUps expenseType"/>
  <testcase name="should cache the service call" time="0.002" classname="LookUps expenseType"/>
  <testcase name="should have undefined values if promise is not resolved" time="0.002" classname="LookUps incomeType"/>
  <testcase name="should have mapped values if promise is resolved" time="0.003" classname="LookUps incomeType"/>
  <testcase name="should resolve promise with the mapped values" time="0.002" classname="LookUps incomeType"/>
  <testcase name="should cache the service call" time="0.003" classname="LookUps incomeType"/>
  <testcase name="should have undefined values if promise is not resolved" time="0.002" classname="LookUps levelOfEducation"/>
  <testcase name="should have mapped values if promise is resolved" time="0.002" classname="LookUps levelOfEducation"/>
  <testcase name="should resolve promise with the mapped values" time="0.002" classname="LookUps levelOfEducation"/>
  <testcase name="should cache the service call" time="0.012" classname="LookUps levelOfEducation"/>
  <testcase name="should have undefined values if promise is not resolved" time="0.003" classname="LookUps maritalStatus"/>
  <testcase name="should have mapped values if promise is resolved" time="0.003" classname="LookUps maritalStatus"/>
  <testcase name="should resolve promise with the mapped values" time="0.003" classname="LookUps maritalStatus"/>
  <testcase name="should cache the service call" time="0.003" classname="LookUps maritalStatus"/>
  <testcase name="should return static list of marital types" time="0.002" classname="LookUps maritalType"/>
  <testcase name="should have undefined values if promise is not resolved" time="0.003" classname="LookUps occupationIndustry"/>
  <testcase name="should have mapped values if promise is resolved" time="0.002" classname="LookUps occupationIndustry"/>
  <testcase name="should resolve promise with the mapped values" time="0.003" classname="LookUps occupationIndustry"/>
  <testcase name="should cache the service call" time="0.003" classname="LookUps occupationIndustry"/>
  <testcase name="should have undefined values if promise is not resolved" time="0.002" classname="LookUps occupationLevel"/>
  <testcase name="should have mapped values if promise is resolved" time="0.002" classname="LookUps occupationLevel"/>
  <testcase name="should resolve promise with the mapped values" time="0.002" classname="LookUps occupationLevel"/>
  <testcase name="should cache the service call" time="0.003" classname="LookUps occupationLevel"/>
  <testcase name="should return static list of permit types" time="0.002" classname="LookUps permitType"/>
  <testcase name="should have undefined values if promise is not resolved" time="0.004" classname="LookUps residentialStatus"/>
  <testcase name="should have mapped values if promise is resolved" time="0.003" classname="LookUps residentialStatus"/>
  <testcase name="should resolve promise with the mapped values" time="0.002" classname="LookUps residentialStatus"/>
  <testcase name="should cache the service call" time="0.003" classname="LookUps residentialStatus"/>
  <testcase name="should have undefined values if promise is not resolved" time="0.002" classname="LookUps title"/>
  <testcase name="should have mapped values if promise is resolved" time="0.003" classname="LookUps title"/>
  <testcase name="should resolve promise with the mapped values" time="0.002" classname="LookUps title"/>
  <testcase name="should cache the service call" time="0.003" classname="LookUps title"/>
  <testcase name="should have undefined values if promise is not resolved" time="0.002" classname="LookUps unemploymentReason"/>
  <testcase name="should have mapped values if promise is resolved" time="0.002" classname="LookUps unemploymentReason"/>
  <testcase name="should resolve promise with the mapped values" time="0.002" classname="LookUps unemploymentReason"/>
  <testcase name="should cache the service call" time="0.003" classname="LookUps unemploymentReason"/>
  <testcase name="should have undefined values if promise is not resolved" time="0.002" classname="LookUps contactType"/>
  <testcase name="should have mapped values if promise is resolved" time="0.002" classname="LookUps contactType"/>
  <testcase name="should resolve promise with the mapped values" time="0.002" classname="LookUps contactType"/>
  <testcase name="should cache the service call" time="0.002" classname="LookUps contactType"/>
  <testcase name="should return all four marketing preferences" time="0.002" classname="LookUps consent"/>
  <testcase name="should populate the cache with the list of banks" time="0.01" classname="bank service list banks"/>
  <testcase name="should not populate the cache with the list of banks if the call fails" time="0.003" classname="bank service list banks"/>
  <testcase name="should load data from the cache if we have it" time="0.003" classname="bank service list banks"/>
  <testcase name="should load the data from the service if a second call lands before the first has the data" time="0.004" classname="bank service list banks"/>
  <testcase name="should populate the cache with the list of branches for a bank" time="0.003" classname="bank service list branches"/>
  <testcase name="should load data from the cache if we have it" time="0.004" classname="bank service list branches"/>
  <testcase name="should load the data from the service if a second call lands before the first has the data" time="0.003" classname="bank service list branches"/>
  <testcase name="should populate the cache with the list of branches" time="0.004" classname="bank service list walk in branches"/>
  <testcase name="should set the label in each item" time="0.003" classname="bank service list walk in branches"/>
  <testcase name="should not populate the cache with the list of banks if the call fails" time="0.003" classname="bank service list walk in branches"/>
  <testcase name="should load data from the cache if we have it" time="0.004" classname="bank service list walk in branches"/>
  <testcase name="should identify device as mobile when the device is generic_winmo_opera_sub1000beta" time="0.002" classname="mobile"/>
  <testcase name="should identify device as mobile when the device is nokia_generic_symbian3" time="0.005" classname="mobile"/>
  <testcase name="should identify device as mobile when the device is opwv_v63_generic" time="0.002" classname="mobile"/>
  <testcase name="should identify device as mobile when the device is generic_netfront_ver4_0" time="0.001" classname="mobile"/>
  <testcase name="should identify device as mobile when the device is generic_netfront_ver4_1" time="0.002" classname="mobile"/>
  <testcase name="should identify device as mobile when the device is nokia_generic_maemo" time="0.001" classname="mobile"/>
  <testcase name="should identify device as mobile when the device is blackberry_generic_ver6" time="0.001" classname="mobile"/>
  <testcase name="should identify device as mobile when the device is blackberry_generic_ver5" time="0.002" classname="mobile"/>
  <testcase name="should identify device as mobile when the device is android" time="0.001" classname="mobile"/>
  <testcase name="should identify device as mobile when the device is ipad" time="0.002" classname="mobile"/>
  <testcase name="should identify device as mobile when the device is playbook" time="0.002" classname="mobile"/>
  <testcase name="should identify device as mobile when the device is silk" time="0.002" classname="mobile"/>
  <testcase name="should identify device as not mobile when the device is Mozilla/5.0 (Windows NT 6.1) AppleWebKit/537.36 (KHTML, like Gecko) Chrome/41.0.2228.0 Safari/537.36" time="0.001" classname="mobile"/>
  <testcase name="should identify device as not mobile when the device is Mozilla/5.0 (Windows NT 6.3; rv:36.0) Gecko/20100101 Firefox/36.0" time="0.001" classname="mobile"/>
  <testcase name="should identify device as not mobile when the device is Mozilla/5.0 (compatible, MSIE 11, Windows NT 6.3; Trident/7.0; rv:11.0) like Gecko" time="0" classname="mobile"/>
  <testcase name="should identify device as not mobile based on navigator.vendor" time="0.001" classname="mobile"/>
  <testcase name="should identify device as not mobile based on window.opera" time="0.001" classname="mobile"/>
  <testcase name="Should have a modal message set to the scope" time="0.008" classname="given a modalMessage directive"/>
  <testcase name="should hide the modal dialog box" time="0.006" classname="given a modalMessage directive when modal instance isShown = false"/>
  <testcase name="should show the modal dialog box" time="0.011" classname="given a modalMessage directive when modal instance isShown = true"/>
  <testcase name="should set the title, the content and the closed callback of the modalInstance" time="0.007" classname="given a modalMessage directive when modal instance isShown = true"/>
  <testcase name="should call hideModal on ModalMessage service" time="0.007" classname="given a modalMessage directive when close is called"/>
  <testcase name="should have an instance of a modal object" time="0.001" classname="given ModalMessage service"/>
  <testcase name="should NOT show modal dialog box" time="0.001" classname="given ModalMessage service"/>
  <testcase name="should show modal dialog box" time="0.001" classname="given ModalMessage service when showMessage is called"/>
  <testcase name="should show modal dialog box with custom title" time="0.001" classname="given ModalMessage service when showMessage is called"/>
  <testcase name="should show modal dialog box with custom message" time="0" classname="given ModalMessage service when showMessage is called"/>
  <testcase name="should hide modal dialog box" time="0.001" classname="given ModalMessage service when hideModal is called and whenClosed is defined"/>
  <testcase name="should call the closed callback on the modal instance" time="0.001" classname="given ModalMessage service when hideModal is called and whenClosed is defined"/>
  <testcase name="should show the monthly limit" time="0.009" classname="Monthly payment limits directive"/>
  <testcase name="should show the monthly available limit" time="0.007" classname="Monthly payment limits directive"/>
  <testcase name="should show the monthly used limit" time="0.008" classname="Monthly payment limits directive"/>
  <testcase name="should show a progress bar" time="0.02" classname="Monthly payment limits directive"/>
  <testcase name="should return the percentage of limits" time="0.003" classname="Monthly payment limits MonthlyPaymentLimitsController progress bar"/>
  <testcase name="should default to 100% when progress is more than 100" time="0.003" classname="Monthly payment limits MonthlyPaymentLimitsController progress bar"/>
  <testcase name="should default used limit to 0 if no limits have been received from the service yet" time="0.002" classname="Monthly payment limits MonthlyPaymentLimitsController progress bar"/>
  <testcase name="should pass the current card to the account service" time="0.003" classname="Monthly payment limits MonthlyPaymentLimitsController"/>
  <testcase name="should know the current monthly EAP limit" time="0.002" classname="Monthly payment limits MonthlyPaymentLimitsController"/>
  <testcase name="should know the current used monthly EAP limit" time="0.002" classname="Monthly payment limits MonthlyPaymentLimitsController"/>
  <testcase name="should calculate the available monthly EAP limit" time="0.003" classname="Monthly payment limits MonthlyPaymentLimitsController"/>
  <testcase name=", it should set $window.location.href to www.google.com" time="0.001" classname="Unit Test - Navigator When Navigator_redirect(www_google_com) is called"/>
  <testcase name=", it should return a flow instance with the name &apos;newFlow&apos;" time="0.001" classname="flow constructor When FlowConstructor({name: &apos;newFlow&apos;}) is called, "/>
  <testcase name="it should have called the mockedStartFuncObj with" time="0.001" classname="flow constructor Given a &apos;newFlow&apos; object has been constructed with a start function When the flow is started"/>
  <testcase name=", it should add the success promise resolution scenario to &apos;newFlow&apos; as a function" time="0.006" classname="flow constructor Given a &apos;newFlow&apos; object has been constructed with a start function Given a list of resolution scenarios have been added"/>
  <testcase name=", it should execute the defined function" time="0.002" classname="flow constructor Given a &apos;newFlow&apos; object has been constructed with a start function Given a list of resolution scenarios have been added Given the resolution behavior for the success promise resolution scenario has been defined _ When resolution of the success promise resolution scenario occurs"/>
  <testcase name=", it should pass the arguments to the defined function" time="0.001" classname="flow constructor Given a &apos;newFlow&apos; object has been constructed with a start function Given a list of resolution scenarios have been added Given the resolution behavior for the success promise resolution scenario has been defined _ When resolution of the success promise resolution scenario occurs _ Given an Array resolution arguments where provided"/>
  <testcase name=", it should pass the argument to the defined function" time="0.001" classname="flow constructor Given a &apos;newFlow&apos; object has been constructed with a start function Given a list of resolution scenarios have been added Given the resolution behavior for the success promise resolution scenario has been defined _ When resolution of the success promise resolution scenario occurs _ Given one resolution argument"/>
  <testcase name=", it should add the failure promise resolution scenario to &apos;newFlow&apos; as a function" time="0.001" classname="flow constructor Given a &apos;newFlow&apos; object has been constructed with a start function Given a list of resolution scenarios have been added"/>
  <testcase name=", it should execute the defined function" time="0.001" classname="flow constructor Given a &apos;newFlow&apos; object has been constructed with a start function Given a list of resolution scenarios have been added Given the resolution behavior for the failure promise resolution scenario has been defined _ When resolution of the failure promise resolution scenario occurs"/>
  <testcase name=", it should pass the arguments to the defined function" time="0.001" classname="flow constructor Given a &apos;newFlow&apos; object has been constructed with a start function Given a list of resolution scenarios have been added Given the resolution behavior for the failure promise resolution scenario has been defined _ When resolution of the failure promise resolution scenario occurs _ Given an Array resolution arguments where provided"/>
  <testcase name=", it should pass the argument to the defined function" time="0.001" classname="flow constructor Given a &apos;newFlow&apos; object has been constructed with a start function Given a list of resolution scenarios have been added Given the resolution behavior for the failure promise resolution scenario has been defined _ When resolution of the failure promise resolution scenario occurs _ Given one resolution argument"/>
  <testcase name=", it should throw an error" time="0.001" classname="flow constructor Given a &apos;newFlow&apos; object has been constructed without a start function When the newFlow is started"/>
  <testcase name="should render the payment notification cost according to the ngModel" time="0.005" classname="Payment Notification"/>
  <testcase name="should not render the payment notification cost" time="0.004" classname="Payment Notification"/>
  <testcase name="get Email cost" time="0.001" classname="Notification Cost Service get notification cost"/>
  <testcase name="get SMS cost" time="0.001" classname="Notification Cost Service get notification cost"/>
  <testcase name="get Fax cost" time="0.001" classname="Notification Cost Service get notification cost"/>
  <testcase name="should show a print button with and id of print" time="0.008" classname="Print button directive"/>
  <testcase name="should have a title" time="0.007" classname="Print button directive"/>
  <testcase name="should default the button text to Print" time="0.007" classname="Print button directive"/>
  <testcase name="should set the button text" time="0.007" classname="Print button directive"/>
  <testcase name="should add any additional classes to the button" time="0.006" classname="Print button directive"/>
  <testcase name="should render an icon action button instead of a normal button when actionButton is specified" time="0.008" classname="Print button directive"/>
  <testcase name="should not render an icon action button unless actionButton is specified" time="0.013" classname="Print button directive"/>
  <testcase name="should call window.print on click" time="0.009" classname="Print button directive"/>
  <testcase name="should pass through the track-click attribute to the button" time="0.01" classname="Print button directive"/>
  <testcase name="should bind a click event if passed through" time="0.007" classname="Print button directive"/>
  <testcase name="should be hidden on mobile devices" time="0.019" classname="Print button directive"/>
  <testcase name="should be shown on not mobile devices" time="0.007" classname="Print button directive"/>
  <testcase name="should not show an error if repeatNumber is not present for a non repeat payment" time="0.016" classname="recurring payments template tests repeat number error"/>
[...]
  <testcase name="should activate the menu if the current page is the view group details page " time="0.003" classname="Transaction"/>
  <testcase name="should activate the menu if the current page is the view beneficiary details page" time="0.002" classname="Transaction"/>
  <testcase name="should activate the menu if the current page add beneficiaries group" time="0.003" classname="Transaction"/>
  <testcase name="should activate the menu if the current page is the provisional statements page " time="0.002" classname="Transaction"/>
  <testcase name="should activate the menu if the current page is payment confirmation history page " time="0.002" classname="Transaction"/>
  <testcase name="should activate the menu if the current page is formal statement" time="0.003" classname="Transaction"/>
  <testcase name="should allow R0.01 from CURRENT to ALL accounts without NOTICE" time="0.002" classname="TransferLimitsService validate internal transfer amount"/>
  <testcase name="should allow R250 from CURRENT to NOTICE" time="0.001" classname="TransferLimitsService validate internal transfer amount"/>
  <testcase name="should allow R250.01 from CURRENT to NOTICE" time="0.001" classname="TransferLimitsService validate internal transfer amount"/>
  <testcase name="should allow R1000 from HOME_LOAN to ALL accounts" time="0.006" classname="TransferLimitsService validate internal transfer amount"/>
  <testcase name="should allow R2000 from HOME_LOAN to ALL accounts" time="0.003" classname="TransferLimitsService validate internal transfer amount"/>
  <testcase name="should allow R0.01 from CREDIT_CARD to ALL accounts without NOTICE" time="0.002" classname="TransferLimitsService validate internal transfer amount"/>
  <testcase name="should allow R250 from CREDIT_CARD to NOTICE" time="0.002" classname="TransferLimitsService validate internal transfer amount"/>
  <testcase name="should allow R250.01 from CREDIT_CARD to NOTICE" time="0.001" classname="TransferLimitsService validate internal transfer amount"/>
  <testcase name="should allow R100 from SAVINGS to ALL accounts without NOTICE" time="0.002" classname="TransferLimitsService validate internal transfer amount"/>
  <testcase name="should allow R100.01 from SAVINGS to ALL accounts without NOTICE" time="0.003" classname="TransferLimitsService validate internal transfer amount"/>
  <testcase name="should allow R250 from SAVINGS to NOTICE" time="0.002" classname="TransferLimitsService validate internal transfer amount"/>
  <testcase name="should allow R250.01 from SAVINGS to NOTICE" time="0.002" classname="TransferLimitsService validate internal transfer amount"/>
  <testcase name="should allow R100 from RCP to ALL accounts without NOTICE" time="0.003" classname="TransferLimitsService validate internal transfer amount"/>
  <testcase name="should allow R200 from RCP to ALL accounts without NOTICE" time="0.003" classname="TransferLimitsService validate internal transfer amount"/>
  <testcase name="should allow R300 from RCP to NOTICE" time="0.003" classname="TransferLimitsService validate internal transfer amount"/>
  <testcase name="should allow R400 from RCP to NOTICE" time="0.001" classname="TransferLimitsService validate internal transfer amount"/>
  <testcase name="should not allow R249.99 from CURRENT to NOTICE" time="0.002" classname="TransferLimitsService validate internal transfer amount"/>
  <testcase name="should not allow R999.99 from HOME_LOAN to ALL accounts" time="0.001" classname="TransferLimitsService validate internal transfer amount"/>
  <testcase name="should not allow R1000.01 from HOME_LOAN to ALL accounts" time="0.002" classname="TransferLimitsService validate internal transfer amount"/>
  <testcase name="should not allow R249.99 from CREDIT_CARD to NOTICE" time="0.002" classname="TransferLimitsService validate internal transfer amount"/>
  <testcase name="should not allow R99.99 from SAVINGS to ALL accounts without NOTICE" time="0.002" classname="TransferLimitsService validate internal transfer amount"/>
  <testcase name="should not allow R249.99 from SAVINGS to NOTICE" time="0.001" classname="TransferLimitsService validate internal transfer amount"/>
  <testcase name="should not allow R99.99 from RCP to ALL accounts without NOTICE" time="0.002" classname="TransferLimitsService validate internal transfer amount"/>
  <testcase name="should not allow R200 from RCP to NOTICE" time="0.005" classname="TransferLimitsService validate internal transfer amount"/>
  <testcase name="should not allow R299.99 from RCP to NOTICE" time="0.001" classname="TransferLimitsService validate internal transfer amount"/>
  <testcase name="should not allow R300.01 from RCP to NOTICE" time="0.002" classname="TransferLimitsService validate internal transfer amount"/>
  <testcase name="should show hint if transfer from CURRENT to NOTICE" time="0.002" classname="TransferLimitsService validate hint"/>
  <testcase name="should not show hint if transfer from CURRENT to ALL accounts without NOTICE" time="0.002" classname="TransferLimitsService validate hint"/>
  <testcase name="should show hint if transfer from HOME_LOAN to ALL accounts" time="0.002" classname="TransferLimitsService validate hint"/>
  <testcase name="should not show hint if transfer from CREDIT_CARD to ALL accounts without NOTICE" time="0.001" classname="TransferLimitsService validate hint"/>
  <testcase name="should show hint if transfer from CREDIT_CARD to NOTICE" time="0.001" classname="TransferLimitsService validate hint"/>
  <testcase name="should show hint if transfer from SAVINGS to ALL accounts without NOTICE" time="0.003" classname="TransferLimitsService validate hint"/>
  <testcase name="should show hint if transfer from SAVINGS to NOTICE" time="0.001" classname="TransferLimitsService validate hint"/>
  <testcase name="should show hint if transfer from RCP to ALL accounts without NOTICE" time="0.002" classname="TransferLimitsService validate hint"/>
  <testcase name="should show hint if transfer from RCP to NOTICE" time="0.001" classname="TransferLimitsService validate hint"/>
  <testcase name="should invoke the transfer service and respond with a success" time="0.005" classname="transfer service "/>
  <testcase name="should invoke the transfer service and respond with a system failure if the service returns a 500" time="0.004" classname="transfer service "/>
  <testcase name="should invoke the transfer service and fail if the service returns a failed response code" time="0.004" classname="transfer service "/>
  <testcase name="should use the accounts list to get the transfer to and from accounts" time="0.004" classname="transfer service  transfer possible"/>
  <testcase name="should be false with no from or to accounts" time="0.004" classname="transfer service  transfer possible"/>
  <testcase name="should be false with no from accounts" time="0.009" classname="transfer service  transfer possible"/>
  <testcase name="should be false with no to accounts" time="0.031" classname="transfer service  transfer possible"/>
  <testcase name="should be false with one from and one to account, both the same" time="0.004" classname="transfer service  transfer possible"/>
  <testcase name="should be true with one from and one different to account" time="0.004" classname="transfer service  transfer possible"/>
  <testcase name="should be true with many from and one to account" time="0.003" classname="transfer service  transfer possible"/>
  <testcase name="should be true with one from and many to accounts" time="0.003" classname="transfer service  transfer possible"/>
  <testcase name="should use the correct controller" time="0.004" classname="Transfers routes when a transfer is to be made"/>
  <testcase name="should create the flow" time="0.009" classname="Transfers controller initialize"/>
  <testcase name="should fetch a list of accounts" time="0.008" classname="Transfers controller initialize"/>
  <testcase name="should add a label function to each account" time="0.008" classname="Transfers controller initialize"/>
  <testcase name="should set true when service returns true" time="0.008" classname="Transfers controller initialize transfer possible"/>
  <testcase name="should set false when service returns false" time="0.008" classname="Transfers controller initialize transfer possible"/>
  <testcase name="should know when to highlight the available balance" time="0.008" classname="Transfers controller limits"/>
  <testcase name="should know when to enforce the available balance" time="0.007" classname="Transfers controller limits"/>
  <testcase name="should know when to hint for correct transfer amounts" time="0.012" classname="Transfers controller limits"/>
  <testcase name="should know watched elements and scope to hint" time="0.009" classname="Transfers controller limits"/>
  <testcase name="should know editing is true when the controller is initialized" time="0.008" classname="Transfers controller #editing"/>
  <testcase name="should know confirming is true after proceed" time="0.008" classname="Transfers controller #confirming"/>
  <testcase name="should know finished is true after transfer" time="0.008" classname="Transfers controller #finished"/>
  <testcase name="should ensure that the transfer.from object is defined " time="0.008" classname="Transfers controller account lists"/>
  <testcase name="should ensure that the transfer.to object is defined " time="0.008" classname="Transfers controller account lists"/>
  <testcase name="should filter accounts with transferFrom feature" time="0.008" classname="Transfers controller account lists"/>
  <testcase name="should filter accounts with transferTo feature" time="0.008" classname="Transfers controller account lists"/>
  <testcase name="should change &quot;From&quot; available balance when selected account changes" time="0.031" classname="Transfers controller available balance for capture details"/>
  <testcase name="should change &quot;To&quot; available balance when selected account changes" time="0.007" classname="Transfers controller available balance for capture details"/>
  <testcase name="should not change &quot;From&quot; available balance when transfer fails" time="0.007" classname="Transfers controller available balance for confirm details"/>
  <testcase name="should not change &quot;To&quot; available balance when transfer fails" time="0.008" classname="Transfers controller available balance for confirm details"/>
  <testcase name="should adjust &quot;From&quot; available balance when transfer is successful" time="0.008" classname="Transfers controller available balance for confirm details"/>
  <testcase name="should adjust &quot;To&quot; available balance when transfer is successful" time="0.013" classname="Transfers controller available balance for confirm details"/>
  <testcase name="should navigate to the confirm page" time="0.008" classname="Transfers controller proceed()"/>
  <testcase name="should not in edit mode" time="0.008" classname="Transfers controller proceed()"/>
  <testcase name="should enable editing" time="0.008" classname="Transfers controller modify()"/>
  <testcase name="should set flag indicating success" time="0.008" classname="Transfers controller transfer() when successful"/>
  <testcase name="should set the error flag and message when an error occurs" time="0.008" classname="Transfers controller transfer() when unsuccessful"/>
  <testcase name="should get undefined when not authenticated" time="0.001" classname="Trusteer crazy function on window"/>
  <testcase name="should get username from user profile when authenticated" time="0.001" classname="Trusteer crazy function on window"/>
  <testcase name="should use the correct controller " time="0.003" classname="Version routes"/>
  <testcase name="should use the correct template " time="0.003" classname="Version routes"/>
  <testcase name="should indicate that the route can be accessed without authentication" time="0.007" classname="Version routes"/>
  <testcase name="should set the gateway, front end and deployment versions on the scope when successful" time="0.004" classname="Version VersionController"/>
  <testcase name="should set gateway and front end errors on the scope when unsuccessful" time="0.004" classname="Version VersionController"/>
  <testcase name="display of message when invalid currency format - current date" time="0.085" classname="INTEGRATION - Pay Once Off amount validation display validation messages"/>
  <testcase name="display of message when exceeding bank currency limit - current date" time="0.059" classname="INTEGRATION - Pay Once Off amount validation display validation messages"/>
  <testcase name="display of message when exceeding available balance, but less than monthly limit " time="0.057" classname="INTEGRATION - Pay Once Off amount validation display validation messages"/>
  <testcase name="display of message when exceeding available balance AND exceeding monthly limit" time="0.079" classname="INTEGRATION - Pay Once Off amount validation display validation messages"/>
  <testcase name="display of message when exceeding available monthly transfer limit, but less than available balance" time="0.059" classname="INTEGRATION - Pay Once Off amount validation display validation messages"/>
  <testcase name="display of message when exceeding available monthly transfer limit AND exceeding available balance" time="0.055" classname="INTEGRATION - Pay Once Off amount validation display validation messages"/>
  <testcase name="display of message when invalid currency format - current date" time="0.211" classname="INTEGRATION - Pay Single Beneficiary amount validation display validation messages"/>
  <testcase name="display of message when invalid currency format - future date" time="0.157" classname="INTEGRATION - Pay Single Beneficiary amount validation display validation messages"/>
  <testcase name="display of message when exceeding bank currency limit - current date" time="0.17" classname="INTEGRATION - Pay Single Beneficiary amount validation display validation messages"/>
  <testcase name="display of message when exceeding bank currency limit - future date" time="0.171" classname="INTEGRATION - Pay Single Beneficiary amount validation display validation messages"/>
  <testcase name="display of message when exceeding available balance, but less than monthly limit " time="0.157" classname="INTEGRATION - Pay Single Beneficiary amount validation display validation messages"/>
  <testcase name="display of message when exceeding available balance AND exceeding monthly limit" time="0.193" classname="INTEGRATION - Pay Single Beneficiary amount validation display validation messages"/>
  <testcase name="display of message when exceeding available monthly transfer limit, but less than available balance" time="0.154" classname="INTEGRATION - Pay Single Beneficiary amount validation display validation messages"/>
  <testcase name="display of message when exceeding available monthly transfer limit AND exceeding available balance" time="0.129" classname="INTEGRATION - Pay Single Beneficiary amount validation display validation messages"/>
  <testcase name="display of message when exceeding monthly transfer limit for future dated payments in the same month" time="0.173" classname="INTEGRATION - Pay Single Beneficiary amount validation display validation messages"/>
  <testcase name="display of message when exceeding monthly transfer limit for future dated payments in different month" time="0.171" classname="INTEGRATION - Pay Single Beneficiary amount validation display validation messages"/>
  <testcase name="display of message when exceeding available transfer limit for future dated payments in the different month" time="0.154" classname="INTEGRATION - Pay Single Beneficiary amount validation display validation messages"/>
  <testcase name="should switch validation messages when changing between current date to date in next month - available balance" time="0.192" classname="INTEGRATION - Pay Single Beneficiary amount validation display validation messages"/>
  <testcase name="should switch validation messages when changing between date in next month to current date - available balance" time="0.2" classname="INTEGRATION - Pay Single Beneficiary amount validation display validation messages"/>
  <testcase name="should switch validation messages when changing between current date to date in next month - monthly limit" time="0.171" classname="INTEGRATION - Pay Single Beneficiary amount validation display validation messages"/>
  <testcase name="should switch validation messages when changing between date in next month to current date - monthly limit" time="0.18" classname="INTEGRATION - Pay Single Beneficiary amount validation display validation messages"/>
  <testcase name="should switch validation messages when changing between date in same month to date in next month" time="0.177" classname="INTEGRATION - Pay Single Beneficiary amount validation display validation messages"/>
  <testcase name="should switch validation messages when changing between invalid amount and invalid format" time="0.192" classname="INTEGRATION - Pay Single Beneficiary amount validation display validation messages"/>
  <testcase name="display of message when invalid format" time="0.074" classname="INTEGRATION - Prepaid Recharge Beneficiary with Mobile amount validation display validation messages"/>
  <testcase name="display of message when amount of zero" time="0.054" classname="INTEGRATION - Prepaid Recharge Beneficiary with Mobile amount validation display validation messages"/>
  <testcase name="display of message when invalid amount" time="0.054" classname="INTEGRATION - Prepaid Recharge Beneficiary with Mobile amount validation display validation messages"/>
  <testcase name="display of message when &lt; minimum prepaid purchase limit" time="0.093" classname="INTEGRATION - Prepaid Recharge Beneficiary with Mobile amount validation display validation messages"/>
  <testcase name="display of message when &gt; prepaid purchase limit, &gt; available withdrawal limit, &gt; available balance," time="0.056" classname="INTEGRATION - Prepaid Recharge Beneficiary with Mobile amount validation display validation messages"/>
  <testcase name="display of message when &gt; prepaid purchase limit, &gt; available withdrawal limit, &lt; available balance," time="0.093" classname="INTEGRATION - Prepaid Recharge Beneficiary with Mobile amount validation display validation messages"/>
  <testcase name="display of message when &gt; prepaid purchase limit, &lt; available withdrawal limit, &gt; available balance," time="0.054" classname="INTEGRATION - Prepaid Recharge Beneficiary with Mobile amount validation display validation messages"/>
  <testcase name="display of message when &gt; prepaid purchase limit, &lt; available withdrawal limit, &lt; available balance," time="0.095" classname="INTEGRATION - Prepaid Recharge Beneficiary with Mobile amount validation display validation messages"/>
  <testcase name="display of message when &lt; prepaid purchase limit, &gt; available withdrawal limit, &gt; available balance," time="0.053" classname="INTEGRATION - Prepaid Recharge Beneficiary with Mobile amount validation display validation messages"/>
  <testcase name="display of message when &lt; prepaid purchase limit, &gt; available withdrawal limit, &lt; available balance," time="0.054" classname="INTEGRATION - Prepaid Recharge Beneficiary with Mobile amount validation display validation messages"/>
  <testcase name="display of message when &lt; prepaid purchase limit, &lt; available withdrawal limit, &gt; available balance," time="0.1" classname="INTEGRATION - Prepaid Recharge Beneficiary with Mobile amount validation display validation messages"/>
  <system-out><![CDATA[
]]></system-out>
  <system-err/>
</testsuite>
